Determining if the pthread_create exist failed with the following output:
Change Dir: /home/saic/c++demo/traffic_flow/build/CMakeFiles/CMakeTmp

Run Build Command:"/usr/bin/make" "cmTC_ef417/fast"
/usr/bin/make -f CMakeFiles/cmTC_ef417.dir/build.make CMakeFiles/cmTC_ef417.dir/build
make[1]: 进入目录“/home/saic/c++demo/traffic_flow/build/CMakeFiles/CMakeTmp”
Building C object CMakeFiles/cmTC_ef417.dir/CheckSymbolExists.c.o
/usr/bin/gcc    -o CMakeFiles/cmTC_ef417.dir/CheckSymbolExists.c.o   -c /home/saic/c++demo/traffic_flow/build/CMakeFiles/CMakeTmp/CheckSymbolExists.c
Linking C executable cmTC_ef417
/usr/bin/cmake -E cmake_link_script CMakeFiles/cmTC_ef417.dir/link.txt --verbose=1
/usr/bin/gcc      -rdynamic CMakeFiles/cmTC_ef417.dir/CheckSymbolExists.c.o  -o cmTC_ef417 
CMakeFiles/cmTC_ef417.dir/CheckSymbolExists.c.o：在函数‘main’中：
CheckSymbolExists.c:(.text+0x1b)：对‘pthread_create’未定义的引用
collect2: error: ld returned 1 exit status
CMakeFiles/cmTC_ef417.dir/build.make:97: recipe for target 'cmTC_ef417' failed
make[1]: *** [cmTC_ef417] Error 1
make[1]: 离开目录“/home/saic/c++demo/traffic_flow/build/CMakeFiles/CMakeTmp”
Makefile:126: recipe for target 'cmTC_ef417/fast' failed
make: *** [cmTC_ef417/fast] Error 2

File /home/saic/c++demo/traffic_flow/build/CMakeFiles/CMakeTmp/CheckSymbolExists.c:
/* */
#include <pthread.h>

int main(int argc, char** argv)
{
  (void)argv;
#ifndef pthread_create
  return ((int*)(&pthread_create))[argc];
#else
  (void)argc;
  return 0;
#endif
}

Determining if the function pthread_create exists in the pthreads failed with the following output:
Change Dir: /home/saic/c++demo/traffic_flow/build/CMakeFiles/CMakeTmp

Run Build Command:"/usr/bin/make" "cmTC_d4961/fast"
/usr/bin/make -f CMakeFiles/cmTC_d4961.dir/build.make CMakeFiles/cmTC_d4961.dir/build
make[1]: 进入目录“/home/saic/c++demo/traffic_flow/build/CMakeFiles/CMakeTmp”
Building C object CMakeFiles/cmTC_d4961.dir/CheckFunctionExists.c.o
/usr/bin/gcc   -DCHECK_FUNCTION_EXISTS=pthread_create   -o CMakeFiles/cmTC_d4961.dir/CheckFunctionExists.c.o   -c /usr/share/cmake-3.10/Modules/CheckFunctionExists.c
Linking C executable cmTC_d4961
/usr/bin/cmake -E cmake_link_script CMakeFiles/cmTC_d4961.dir/link.txt --verbose=1
/usr/bin/gcc  -DCHECK_FUNCTION_EXISTS=pthread_create    -rdynamic CMakeFiles/cmTC_d4961.dir/CheckFunctionExists.c.o  -o cmTC_d4961 -lpthreads 
/usr/bin/ld: 找不到 -lpthreads
collect2: error: ld returned 1 exit status
CMakeFiles/cmTC_d4961.dir/build.make:97: recipe for target 'cmTC_d4961' failed
make[1]: *** [cmTC_d4961] Error 1
make[1]: 离开目录“/home/saic/c++demo/traffic_flow/build/CMakeFiles/CMakeTmp”
Makefile:126: recipe for target 'cmTC_d4961/fast' failed
make: *** [cmTC_d4961/fast] Error 2


